<?xml version="1.0" encoding="UTF-8"?>
<testsuite name="testPackage.MyClassTest" tests="1" skipped="0" failures="0" errors="0" timestamp="2021-11-12T10:28:09" hostname="gimminsuui-MacBookAir.local" time="0.027">
  <properties/>
  <testcase name="Add Test" classname="testPackage.MyClassTest" time="0.027"/>
  <system-out><![CDATA[]]></system-out>
  <system-err><![CDATA[]]></system-err>
</testsuite>
