<?xml version="1.0" encoding="UTF-8"?>
<testsuite name="testPackage2.MyClassTest2" tests="1" skipped="0" failures="0" errors="0" timestamp="2021-11-12T10:28:09" hostname="gimminsuui-MacBookAir.local" time="0.0">
  <properties/>
  <testcase name="Multi Test" classname="testPackage2.MyClassTest2" time="0.0"/>
  <system-out><![CDATA[]]></system-out>
  <system-err><![CDATA[]]></system-err>
</testsuite>
